[90m2024-05-15T05:59:13.487Z[39m [32mDEBUG[39m [97m@wdio/browserstack-service[39m Sending SDK event with data {
  userName: 'sdlrws_kdWEbP',
  accessKey: 'ghquPfzrAVRTq1THMmsm',
  event_type: 'SDKTestAttempted',
  detectedFramework: 'WebdriverIO-mocha',
  event_properties: {
    language_framework: 'WebdriverIO_mocha',
    referrer: 'WebdriverIO-mocha/8.36.1',
    language: 'WebdriverIO',
    languageVersion: 'v16.20.2',
    buildName: 'undefined',
    buildIdentifier: 'undefined',
    os: 'Darwin',
    hostname: 'Shubhams-MacBook-Pro.local',
    productMap: {
      observability: true,
      accessibility: false,
      percy: false,
      automate: true,
      app_automate: false
    },
    product: [ 'observability', 'automate' ]
  }
}
[90m2024-05-15T05:59:13.782Z[39m [32mDEBUG[39m [97m@wdio/browserstack-service[39m Funnel event success
[90m2024-05-15T05:59:13.782Z[39m [96mINFO[39m [97m@wdio/browserstack-service[39m app is not defined in browserstack-service config, skipping ...
[90m2024-05-15T05:59:13.782Z[39m [32mDEBUG[39m [97m@wdio/browserstack-service[39m Sending launch start event
[90m2024-05-15T05:59:14.892Z[39m [32mDEBUG[39m [97m@wdio/browserstack-service[39m [Start_Build] Success response: {"build_hashed_id":"d4jwo4ce1vvetgql9rlwwbgejd2bdrd19itsjpki","jwt":"eyJhbGciOiJIUzI1NiJ9.eyJpc3MiOiJicm93c2Vyc3RhY2tfb2IiLCJzdWIiOiI4NTcyOTU2IiwiZ3JvdXBfaWQiOjg0ODYxNzUsInVzZXJfaWQiOjg1NzI5NTYsImJ1aWxkX2hhc2hlZF9pZCI6ImQ0andvNGNlMXZ2ZXRncWw5cmx3d2JnZWpkMmJkcmQxOWl0c2pwa2kiLCJob29rX2FzX3Rlc3QiOiIxIiwiYnVpbGRfbmFtZSI6IndlYmRyaXZlcklPIiwicHJvZHVjdF9tYXAiOiJ7XCJvYnNlcnZhYmlsaXR5XCI6dHJ1ZX0iLCJzaWduaW5nX2tleV9oYXNoIjoiNDFjOTQ5NmNmMjgwZjQwY2RjNGI0NWNmZGVmODliNWIyYzQwMzg3NzczOTNiMWFhMTFjMDAzYmNkMDRlNDA4ZCIsImlhdCI6MTcxNTc1Mjc1NCwiZXhwIjoxNzE2MDk4MzU0fQ.kE2Z9f9YSzkhGu59MK58AJNAZY-XAImmYnraS99JQwA","allow_screenshots":true}
[90m2024-05-15T05:59:14.892Z[39m [96mINFO[39m [97m@wdio/browserstack-service[39m browserstackLocal is not enabled - skipping...
[90m2024-05-15T05:59:34.801Z[39m [32mDEBUG[39m [97m@wdio/browserstack-service[39m Requesting Browserstack session URL at https://api.browserstack.com/automate/sessions/56774b1e29d9f516ce0bb6c44828ec28e43825d5.json
[90m2024-05-15T05:59:35.084Z[39m [96mINFO[39m [97m@wdio/browserstack-service[39m Update job with sessionId 56774b1e29d9f516ce0bb6c44828ec28e43825d5
[90m2024-05-15T05:59:35.084Z[39m [32mDEBUG[39m [97m@wdio/browserstack-service[39m Updating Browserstack session at https://api.browserstack.com/automate/sessions/56774b1e29d9f516ce0bb6c44828ec28e43825d5.json with request body: 
[90m2024-05-15T05:59:35.361Z[39m [96mINFO[39m [97m@wdio/browserstack-service[39m Update job with sessionId 56774b1e29d9f516ce0bb6c44828ec28e43825d5
[90m2024-05-15T05:59:35.362Z[39m [32mDEBUG[39m [97m@wdio/browserstack-service[39m Updating Browserstack session at https://api.browserstack.com/automate/sessions/56774b1e29d9f516ce0bb6c44828ec28e43825d5.json with request body: 
[90m2024-05-15T05:59:35.894Z[39m [32mDEBUG[39m [97m@wdio/browserstack-service[39m calling testFinished
[90m2024-05-15T05:59:35.895Z[39m [32mDEBUG[39m [97m@wdio/browserstack-service[39m Added data to request queue. Queue length = 1
[90m2024-05-15T05:59:35.895Z[39m [32mDEBUG[39m [97m@wdio/browserstack-service[39m Accessibility after test hook. Before sending test stop event
[90m2024-05-15T05:59:35.898Z[39m [96mINFO[39m [97m@wdio/browserstack-service[39m Update job with sessionId 56774b1e29d9f516ce0bb6c44828ec28e43825d5
[90m2024-05-15T05:59:35.898Z[39m [32mDEBUG[39m [97m@wdio/browserstack-service[39m Updating Browserstack session at https://api.browserstack.com/automate/sessions/56774b1e29d9f516ce0bb6c44828ec28e43825d5.json with request body: 
[90m2024-05-15T05:59:37.896Z[39m [32mDEBUG[39m [97m@wdio/browserstack-service[39m Sending data from request queue. Data length = 1, Queue length after removal = 0
[90m2024-05-15T05:59:37.896Z[39m [32mDEBUG[39m [97m@wdio/browserstack-service[39m calling callback with kind INTERVAL_QUEUE
[90m2024-05-15T05:59:37.896Z[39m [32mDEBUG[39m [97m@wdio/browserstack-service[39m callback: called with events 1
[90m2024-05-15T05:59:38.751Z[39m [32mDEBUG[39m [97m@wdio/browserstack-service[39m [BATCH_DATA] Success response: {"success":true}
[90m2024-05-15T05:59:38.751Z[39m [32mDEBUG[39m [97m@wdio/browserstack-service[39m callback: marking events success 1
[90m2024-05-15T05:59:45.204Z[39m [32mDEBUG[39m [97m@wdio/browserstack-service[39m calling testFinished
[90m2024-05-15T05:59:45.205Z[39m [32mDEBUG[39m [97m@wdio/browserstack-service[39m Added data to request queue. Queue length = 1
[90m2024-05-15T05:59:45.206Z[39m [32mDEBUG[39m [97m@wdio/browserstack-service[39m Accessibility after test hook. Before sending test stop event
[90m2024-05-15T05:59:45.222Z[39m [96mINFO[39m [97m@wdio/browserstack-service[39m Update job with sessionId 56774b1e29d9f516ce0bb6c44828ec28e43825d5
[90m2024-05-15T05:59:45.222Z[39m [32mDEBUG[39m [97m@wdio/browserstack-service[39m Updating Browserstack session at https://api.browserstack.com/automate/sessions/56774b1e29d9f516ce0bb6c44828ec28e43825d5.json with request body: 
[90m2024-05-15T05:59:45.899Z[39m [32mDEBUG[39m [97m@wdio/browserstack-service[39m Sending data from request queue. Data length = 1, Queue length after removal = 0
[90m2024-05-15T05:59:45.900Z[39m [32mDEBUG[39m [97m@wdio/browserstack-service[39m calling callback with kind INTERVAL_QUEUE
[90m2024-05-15T05:59:45.900Z[39m [32mDEBUG[39m [97m@wdio/browserstack-service[39m callback: called with events 1
[90m2024-05-15T05:59:46.227Z[39m [32mDEBUG[39m [97m@wdio/browserstack-service[39m [BATCH_DATA] Success response: {"success":true}
[90m2024-05-15T05:59:46.227Z[39m [32mDEBUG[39m [97m@wdio/browserstack-service[39m callback: marking events success 1
[90m2024-05-15T05:59:53.298Z[39m [32mDEBUG[39m [97m@wdio/browserstack-service[39m calling testFinished
[90m2024-05-15T05:59:53.299Z[39m [32mDEBUG[39m [97m@wdio/browserstack-service[39m Added data to request queue. Queue length = 1
[90m2024-05-15T05:59:53.300Z[39m [32mDEBUG[39m [97m@wdio/browserstack-service[39m Accessibility after test hook. Before sending test stop event
[90m2024-05-15T05:59:53.305Z[39m [96mINFO[39m [97m@wdio/browserstack-service[39m Update job with sessionId 56774b1e29d9f516ce0bb6c44828ec28e43825d5
[90m2024-05-15T05:59:53.306Z[39m [32mDEBUG[39m [97m@wdio/browserstack-service[39m Updating Browserstack session at https://api.browserstack.com/automate/sessions/56774b1e29d9f516ce0bb6c44828ec28e43825d5.json with request body: 
[90m2024-05-15T05:59:53.418Z[39m [32mDEBUG[39m [97m@wdio/browserstack-service[39m Added data to request queue. Queue length = 2
[90m2024-05-15T05:59:53.467Z[39m [32mDEBUG[39m [97m@wdio/browserstack-service[39m Added data to request queue. Queue length = 3
[90m2024-05-15T05:59:53.904Z[39m [32mDEBUG[39m [97m@wdio/browserstack-service[39m Sending data from request queue. Data length = 3, Queue length after removal = 0
[90m2024-05-15T05:59:53.904Z[39m [32mDEBUG[39m [97m@wdio/browserstack-service[39m calling callback with kind INTERVAL_QUEUE
[90m2024-05-15T05:59:53.904Z[39m [32mDEBUG[39m [97m@wdio/browserstack-service[39m callback: called with events 3
[90m2024-05-15T05:59:54.121Z[39m [32mDEBUG[39m [97m@wdio/browserstack-service[39m [BATCH_DATA] Success response: {"success":true}
[90m2024-05-15T05:59:54.121Z[39m [32mDEBUG[39m [97m@wdio/browserstack-service[39m callback: marking events success 3
[90m2024-05-15T05:59:54.739Z[39m [32mDEBUG[39m [97m@wdio/browserstack-service[39m Added data to request queue. Queue length = 1
[90m2024-05-15T05:59:56.108Z[39m [32mDEBUG[39m [97m@wdio/browserstack-service[39m Inside OnComplete hook..
[90m2024-05-15T05:59:56.108Z[39m [32mDEBUG[39m [97m@wdio/browserstack-service[39m Sending stop launch event
[90m2024-05-15T05:59:56.352Z[39m [32mDEBUG[39m [97m@wdio/browserstack-service[39m [STOP_BUILD] Success response: ""
[90m2024-05-15T05:59:56.354Z[39m [32mDEBUG[39m [97m@wdio/browserstack-service[39m Sending SDK event with data {
  userName: 'sdlrws_kdWEbP',
  accessKey: 'ghquPfzrAVRTq1THMmsm',
  event_type: 'SDKTestSuccessful',
  detectedFramework: 'WebdriverIO-mocha',
  event_properties: {
    language_framework: 'WebdriverIO_mocha',
    referrer: 'WebdriverIO-mocha/8.36.1',
    language: 'WebdriverIO',
    languageVersion: 'v16.20.2',
    buildName: 'undefined',
    buildIdentifier: 'undefined',
    os: 'Darwin',
    hostname: 'Shubhams-MacBook-Pro.local',
    productMap: {
      observability: true,
      accessibility: false,
      percy: false,
      automate: true,
      app_automate: false
    },
    product: [ 'observability', 'automate' ],
    productUsage: {
      testObservability: {
        enabled: true,
        manuallySet: false,
        buildHashedId: 'd4jwo4ce1vvetgql9rlwwbgejd2bdrd19itsjpki',
        events: {
          buildEvents: {
            started: { isTriggered: true, status: 'success', error: undefined },
            finished: { isTriggered: true, status: 'success', error: undefined }
          },
          testEvents: {
            started: { triggeredCount: 0, sentCount: 0, failedCount: 0 },
            finished: { triggeredCount: 0, sentCount: 0, failedCount: 0 }
          },
          hookEvents: {
            started: { triggeredCount: 0, sentCount: 0, failedCount: 0 },
            finished: { triggeredCount: 0, sentCount: 0, failedCount: 0 }
          },
          logEvents: { triggeredCount: 0, sentCount: 0, failedCount: 0 },
          cbtSessionEvents: { triggeredCount: 0, sentCount: 0, failedCount: 0 }
        }
      }
    }
  }
}
[90m2024-05-15T05:59:56.698Z[39m [32mDEBUG[39m [97m@wdio/browserstack-service[39m Funnel event success
[90m2024-05-15T05:59:57.793Z[39m [32mDEBUG[39m [97m@wdio/browserstack-service[39m Response - {
  status: 'success',
  message: 'Logs upload successful in file - logs.gz'
}
